[0.066s] Invoking command in '/home/Judy/safmc_uwb/ros/build/msg_folder': CMAKE_PREFIX_PATH=${CMAKE_PREFIX_PATH}:/opt/ros/humble:/home/Judy/safmc_uwb/ros_enfu/install/uwb /usr/bin/cmake --build /home/Judy/safmc_uwb/ros/build/msg_folder -- -j12 -l12
[0.112s] -- Found ament_cmake: 1.3.11 (/opt/ros/humble/share/ament_cmake/cmake)
[0.337s] -- Found rosidl_default_generators: 1.2.0 (/opt/ros/humble/share/rosidl_default_generators/cmake)
[0.340s] -- Using all available rosidl_typesupport_c: rosidl_typesupport_fastrtps_c;rosidl_typesupport_introspection_c
[0.344s] -- Found rosidl_adapter: 3.1.6 (/opt/ros/humble/share/rosidl_adapter/cmake)
[0.611s] -- Using all available rosidl_typesupport_cpp: rosidl_typesupport_fastrtps_cpp;rosidl_typesupport_introspection_cpp
[1.041s] -- Found ament_cmake_ros: 0.10.0 (/opt/ros/humble/share/ament_cmake_ros/cmake)
[1.359s] -- Using all available rosidl_typesupport_c: rosidl_typesupport_fastrtps_c;rosidl_typesupport_introspection_c
[1.722s] -- Using all available rosidl_typesupport_cpp: rosidl_typesupport_fastrtps_cpp;rosidl_typesupport_introspection_cpp
[1.753s] -- Found python_cmake_module: 0.10.0 (/opt/ros/humble/share/python_cmake_module/cmake)
[1.783s] -- Using PYTHON_EXECUTABLE: /usr/bin/python3
[1.783s] -- Using PYTHON_INCLUDE_DIRS: /usr/include/python3.10
[1.783s] -- Using PYTHON_LIBRARIES: /usr/lib/x86_64-linux-gnu/libpython3.10.so
[1.819s] -- Found ament_lint_auto: 0.12.11 (/opt/ros/humble/share/ament_lint_auto/cmake)
[1.838s] -- Added test 'lint_cmake' to check CMake code style
[1.840s] -- Added test 'xmllint' to check XML markup files
[1.846s] -- Configuring done
[1.925s] -- Generating done
[1.945s] -- Build files have been written to: /home/Judy/safmc_uwb/ros/build/msg_folder
[1.979s] [  2%] [34m[1mGenerating C code for ROS interfaces[0m
[2.000s] [  5%] [34m[1mGenerating C++ code for ROS interfaces[0m
[2.023s] [  5%] Built target ament_cmake_python_copy_msg_folder
[2.455s] [  7%] [32mBuilding C object CMakeFiles/msg_folder__rosidl_generator_c.dir/rosidl_generator_c/msg_folder/msg/detail/range__functions.c.o[0m
[2.455s] [ 10%] [32mBuilding C object CMakeFiles/msg_folder__rosidl_generator_c.dir/rosidl_generator_c/msg_folder/msg/detail/pose__functions.c.o[0m
[2.470s] [ 10%] Built target msg_folder__cpp
[2.479s] In file included from [01m[K/home/Judy/safmc_uwb/ros/build/msg_folder/rosidl_generator_c/msg_folder/msg/detail/pose__functions.h:19[m[K,
[2.479s]                  from [01m[K/home/Judy/safmc_uwb/ros/build/msg_folder/rosidl_generator_c/msg_folder/msg/detail/pose__functions.c:4[m[K:
[2.479s] [01m[K/home/Judy/safmc_uwb/ros/build/msg_folder/rosidl_generator_c/msg_folder/msg/detail/pose__struct.h:22:10:[m[K [01;31m[Kfatal error: [m[Kgeometry_msgs/msg/detail/point__struct.h: No such file or directory
[2.479s]    22 | #include [01;31m[K"geometry_msgs/msg/detail/point__struct.h"[m[K
[2.479s]       |          [01;31m[K^~~~~~~~~~~~~~~~~~~~~~~~~~~~~~~~~~~~~~~~~~[m[K
[2.480s] compilation terminated.
[2.484s] [ 12%] [34m[1mGenerating C++ type support dispatch for ROS interfaces[0m
[2.485s] [ 15%] [34m[1mGenerating C++ introspection for ROS interfaces[0m
[2.500s] running egg_info
[2.501s] writing msg_folder.egg-info/PKG-INFO
[2.501s] writing dependency_links to msg_folder.egg-info/dependency_links.txt
[2.502s] writing top-level names to msg_folder.egg-info/top_level.txt
[2.507s] gmake[2]: *** [CMakeFiles/msg_folder__rosidl_generator_c.dir/build.make:121: CMakeFiles/msg_folder__rosidl_generator_c.dir/rosidl_generator_c/msg_folder/msg/detail/pose__functions.c.o] Error 1
[2.507s] gmake[2]: *** Waiting for unfinished jobs....
[2.508s] reading manifest file 'msg_folder.egg-info/SOURCES.txt'
[2.511s] writing manifest file 'msg_folder.egg-info/SOURCES.txt'
[2.516s] [ 17%] [34m[1mGenerating C++ type support for eProsima Fast-RTPS[0m
[2.521s] gmake[1]: *** [CMakeFiles/Makefile2:213: CMakeFiles/msg_folder__rosidl_generator_c.dir/all] Error 2
[2.521s] gmake[1]: *** Waiting for unfinished jobs....
[2.555s] [ 17%] Built target ament_cmake_python_build_msg_folder_egg
[2.833s] [ 20%] [32mBuilding CXX object CMakeFiles/msg_folder__rosidl_typesupport_cpp.dir/rosidl_typesupport_cpp/msg_folder/msg/pose__type_support.cpp.o[0m
[2.833s] [ 23%] [32mBuilding CXX object CMakeFiles/msg_folder__rosidl_typesupport_cpp.dir/rosidl_typesupport_cpp/msg_folder/msg/range__type_support.cpp.o[0m
[2.867s] [ 28%] [32mBuilding CXX object CMakeFiles/msg_folder__rosidl_typesupport_introspection_cpp.dir/rosidl_typesupport_introspection_cpp/msg_folder/msg/detail/range__type_support.cpp.o[0m
[2.868s] [ 28%] [32mBuilding CXX object CMakeFiles/msg_folder__rosidl_typesupport_introspection_cpp.dir/rosidl_typesupport_introspection_cpp/msg_folder/msg/detail/pose__type_support.cpp.o[0m
[2.918s] In file included from [01m[K/home/Judy/safmc_uwb/ros/build/msg_folder/rosidl_typesupport_cpp/msg_folder/msg/pose__type_support.cpp:7[m[K:
[2.918s] [01m[K/home/Judy/safmc_uwb/ros/build/msg_folder/rosidl_generator_cpp/msg_folder/msg/detail/pose__struct.hpp:20:10:[m[K [01;31m[Kfatal error: [m[Kgeometry_msgs/msg/detail/point__struct.hpp: No such file or directory
[2.918s]    20 | #include [01;31m[K"geometry_msgs/msg/detail/point__struct.hpp"[m[K
[2.918s]       |          [01;31m[K^~~~~~~~~~~~~~~~~~~~~~~~~~~~~~~~~~~~~~~~~~~~[m[K
[2.918s] compilation terminated.
[2.937s] [ 33%] [32mBuilding CXX object CMakeFiles/msg_folder__rosidl_typesupport_fastrtps_cpp.dir/rosidl_typesupport_fastrtps_cpp/msg_folder/msg/detail/dds_fastrtps/pose__type_support.cpp.o[0m
[2.937s] [ 33%] [32mBuilding CXX object CMakeFiles/msg_folder__rosidl_typesupport_fastrtps_cpp.dir/rosidl_typesupport_fastrtps_cpp/msg_folder/msg/detail/dds_fastrtps/range__type_support.cpp.o[0m
[2.956s] gmake[2]: *** [CMakeFiles/msg_folder__rosidl_typesupport_cpp.dir/build.make:90: CMakeFiles/msg_folder__rosidl_typesupport_cpp.dir/rosidl_typesupport_cpp/msg_folder/msg/pose__type_support.cpp.o] Error 1
[2.956s] gmake[2]: *** Waiting for unfinished jobs....
[2.959s] In file included from [01m[K/home/Judy/safmc_uwb/ros/build/msg_folder/rosidl_typesupport_introspection_cpp/msg_folder/msg/detail/pose__type_support.cpp:12[m[K:
[2.959s] [01m[K/home/Judy/safmc_uwb/ros/build/msg_folder/rosidl_generator_cpp/msg_folder/msg/detail/pose__struct.hpp:20:10:[m[K [01;31m[Kfatal error: [m[Kgeometry_msgs/msg/detail/point__struct.hpp: No such file or directory
[2.959s]    20 | #include [01;31m[K"geometry_msgs/msg/detail/point__struct.hpp"[m[K
[2.959s]       |          [01;31m[K^~~~~~~~~~~~~~~~~~~~~~~~~~~~~~~~~~~~~~~~~~~~[m[K
[2.959s] compilation terminated.
[2.961s] gmake[2]: *** [CMakeFiles/msg_folder__rosidl_typesupport_introspection_cpp.dir/build.make:98: CMakeFiles/msg_folder__rosidl_typesupport_introspection_cpp.dir/rosidl_typesupport_introspection_cpp/msg_folder/msg/detail/pose__type_support.cpp.o] Error 1
[2.961s] gmake[2]: *** Waiting for unfinished jobs....
[3.028s] In file included from [01m[K/home/Judy/safmc_uwb/ros/build/msg_folder/rosidl_typesupport_fastrtps_cpp/msg_folder/msg/detail/pose__rosidl_typesupport_fastrtps_cpp.hpp:11[m[K,
[3.028s]                  from [01m[K/home/Judy/safmc_uwb/ros/build/msg_folder/rosidl_typesupport_fastrtps_cpp/msg_folder/msg/detail/dds_fastrtps/pose__type_support.cpp:4[m[K:
[3.029s] [01m[K/home/Judy/safmc_uwb/ros/build/msg_folder/rosidl_generator_cpp/msg_folder/msg/detail/pose__struct.hpp:20:10:[m[K [01;31m[Kfatal error: [m[Kgeometry_msgs/msg/detail/point__struct.hpp: No such file or directory
[3.029s]    20 | #include [01;31m[K"geometry_msgs/msg/detail/point__struct.hpp"[m[K
[3.029s]       |          [01;31m[K^~~~~~~~~~~~~~~~~~~~~~~~~~~~~~~~~~~~~~~~~~~~[m[K
[3.029s] compilation terminated.
[3.067s] gmake[2]: *** [CMakeFiles/msg_folder__rosidl_typesupport_fastrtps_cpp.dir/build.make:98: CMakeFiles/msg_folder__rosidl_typesupport_fastrtps_cpp.dir/rosidl_typesupport_fastrtps_cpp/msg_folder/msg/detail/dds_fastrtps/pose__type_support.cpp.o] Error 1
[3.067s] gmake[2]: *** Waiting for unfinished jobs....
[3.258s] gmake[1]: *** [CMakeFiles/Makefile2:395: CMakeFiles/msg_folder__rosidl_typesupport_cpp.dir/all] Error 2
[3.433s] gmake[1]: *** [CMakeFiles/Makefile2:369: CMakeFiles/msg_folder__rosidl_typesupport_introspection_cpp.dir/all] Error 2
[3.563s] gmake[1]: *** [CMakeFiles/Makefile2:343: CMakeFiles/msg_folder__rosidl_typesupport_fastrtps_cpp.dir/all] Error 2
[3.563s] gmake: *** [Makefile:146: all] Error 2
[3.567s] Invoked command in '/home/Judy/safmc_uwb/ros/build/msg_folder' returned '2': CMAKE_PREFIX_PATH=${CMAKE_PREFIX_PATH}:/opt/ros/humble:/home/Judy/safmc_uwb/ros_enfu/install/uwb /usr/bin/cmake --build /home/Judy/safmc_uwb/ros/build/msg_folder -- -j12 -l12
