[0.045s] Invoking command in '/home/Judy/safmc_uwb/ros/build/msg_folder': CMAKE_PREFIX_PATH=${CMAKE_PREFIX_PATH}:/opt/ros/humble:/home/Judy/safmc_uwb/ros_enfu/install/uwb /usr/bin/cmake --build /home/Judy/safmc_uwb/ros/build/msg_folder -- -j12 -l12
[0.055s] -- Found ament_cmake: 1.3.11 (/opt/ros/humble/share/ament_cmake/cmake)
[0.263s] -- Found rosidl_default_generators: 1.2.0 (/opt/ros/humble/share/rosidl_default_generators/cmake)
[0.265s] -- Using all available rosidl_typesupport_c: rosidl_typesupport_fastrtps_c;rosidl_typesupport_introspection_c
[0.269s] -- Found rosidl_adapter: 3.1.6 (/opt/ros/humble/share/rosidl_adapter/cmake)
[0.547s] -- Using all available rosidl_typesupport_cpp: rosidl_typesupport_fastrtps_cpp;rosidl_typesupport_introspection_cpp
[0.904s] -- Found ament_cmake_ros: 0.10.0 (/opt/ros/humble/share/ament_cmake_ros/cmake)
[1.146s] -- Using all available rosidl_typesupport_c: rosidl_typesupport_fastrtps_c;rosidl_typesupport_introspection_c
[1.486s] -- Using all available rosidl_typesupport_cpp: rosidl_typesupport_fastrtps_cpp;rosidl_typesupport_introspection_cpp
[1.516s] -- Found python_cmake_module: 0.10.0 (/opt/ros/humble/share/python_cmake_module/cmake)
[1.546s] -- Using PYTHON_EXECUTABLE: /usr/bin/python3
[1.546s] -- Using PYTHON_INCLUDE_DIRS: /usr/include/python3.10
[1.546s] -- Using PYTHON_LIBRARIES: /usr/lib/x86_64-linux-gnu/libpython3.10.so
[1.558s] -- Found ament_lint_auto: 0.12.11 (/opt/ros/humble/share/ament_lint_auto/cmake)
[1.590s] -- Added test 'lint_cmake' to check CMake code style
[1.592s] -- Added test 'xmllint' to check XML markup files
[1.595s] -- Configuring done
[1.644s] -- Generating done
[1.661s] -- Build files have been written to: /home/Judy/safmc_uwb/ros/build/msg_folder
[1.694s] [35m[1mConsolidate compiler generated dependencies of target msg_folder__rosidl_generator_c[0m
[1.708s] [  2%] [32mBuilding C object CMakeFiles/msg_folder__rosidl_generator_c.dir/rosidl_generator_c/msg_folder/msg/detail/pose__functions.c.o[0m
[1.710s] [  5%] Built target msg_folder__cpp
[1.736s] In file included from [01m[K/home/Judy/safmc_uwb/ros/build/msg_folder/rosidl_generator_c/msg_folder/msg/detail/pose__functions.h:19[m[K,
[1.736s]                  from [01m[K/home/Judy/safmc_uwb/ros/build/msg_folder/rosidl_generator_c/msg_folder/msg/detail/pose__functions.c:4[m[K:
[1.736s] [01m[K/home/Judy/safmc_uwb/ros/build/msg_folder/rosidl_generator_c/msg_folder/msg/detail/pose__struct.h:22:10:[m[K [01;31m[Kfatal error: [m[Kgeometry_msgs/msg/detail/point__struct.h: No such file or directory
[1.736s]    22 | #include [01;31m[K"geometry_msgs/msg/detail/point__struct.h"[m[K
[1.736s]       |          [01;31m[K^~~~~~~~~~~~~~~~~~~~~~~~~~~~~~~~~~~~~~~~~~[m[K
[1.736s] compilation terminated.
[1.743s] gmake[2]: *** [CMakeFiles/msg_folder__rosidl_generator_c.dir/build.make:121: CMakeFiles/msg_folder__rosidl_generator_c.dir/rosidl_generator_c/msg_folder/msg/detail/pose__functions.c.o] Error 1
[1.743s] gmake[1]: *** [CMakeFiles/Makefile2:213: CMakeFiles/msg_folder__rosidl_generator_c.dir/all] Error 2
[1.743s] gmake[1]: *** Waiting for unfinished jobs....
[1.744s] [  5%] Built target ament_cmake_python_copy_msg_folder
[1.744s] [35m[1mConsolidate compiler generated dependencies of target msg_folder__rosidl_typesupport_cpp[0m
[1.744s] [35m[1mConsolidate compiler generated dependencies of target msg_folder__rosidl_typesupport_fastrtps_cpp[0m
[1.744s] [35m[1mConsolidate compiler generated dependencies of target msg_folder__rosidl_typesupport_introspection_cpp[0m
[1.756s] [  7%] [32mBuilding CXX object CMakeFiles/msg_folder__rosidl_typesupport_introspection_cpp.dir/rosidl_typesupport_introspection_cpp/msg_folder/msg/detail/pose__type_support.cpp.o[0m
[1.756s] [ 10%] [32mBuilding CXX object CMakeFiles/msg_folder__rosidl_typesupport_cpp.dir/rosidl_typesupport_cpp/msg_folder/msg/pose__type_support.cpp.o[0m
[1.761s] [ 12%] [32mBuilding CXX object CMakeFiles/msg_folder__rosidl_typesupport_fastrtps_cpp.dir/rosidl_typesupport_fastrtps_cpp/msg_folder/msg/detail/dds_fastrtps/pose__type_support.cpp.o[0m
[1.854s] In file included from [01m[K/home/Judy/safmc_uwb/ros/build/msg_folder/rosidl_typesupport_introspection_cpp/msg_folder/msg/detail/pose__type_support.cpp:12[m[K:
[1.854s] [01m[K/home/Judy/safmc_uwb/ros/build/msg_folder/rosidl_generator_cpp/msg_folder/msg/detail/pose__struct.hpp:20:10:[m[K [01;31m[Kfatal error: [m[Kgeometry_msgs/msg/detail/point__struct.hpp: No such file or directory
[1.854s]    20 | #include [01;31m[K"geometry_msgs/msg/detail/point__struct.hpp"[m[K
[1.854s]       |          [01;31m[K^~~~~~~~~~~~~~~~~~~~~~~~~~~~~~~~~~~~~~~~~~~~[m[K
[1.854s] compilation terminated.
[1.855s] In file included from [01m[K/home/Judy/safmc_uwb/ros/build/msg_folder/rosidl_typesupport_cpp/msg_folder/msg/pose__type_support.cpp:7[m[K:
[1.856s] [01m[K/home/Judy/safmc_uwb/ros/build/msg_folder/rosidl_generator_cpp/msg_folder/msg/detail/pose__struct.hpp:20:10:[m[K [01;31m[Kfatal error: [m[Kgeometry_msgs/msg/detail/point__struct.hpp: No such file or directory
[1.856s]    20 | #include [01;31m[K"geometry_msgs/msg/detail/point__struct.hpp"[m[K
[1.856s]       |          [01;31m[K^~~~~~~~~~~~~~~~~~~~~~~~~~~~~~~~~~~~~~~~~~~~[m[K
[1.857s] compilation terminated.
[1.860s] In file included from [01m[K/home/Judy/safmc_uwb/ros/build/msg_folder/rosidl_typesupport_fastrtps_cpp/msg_folder/msg/detail/pose__rosidl_typesupport_fastrtps_cpp.hpp:11[m[K,
[1.860s]                  from [01m[K/home/Judy/safmc_uwb/ros/build/msg_folder/rosidl_typesupport_fastrtps_cpp/msg_folder/msg/detail/dds_fastrtps/pose__type_support.cpp:4[m[K:
[1.860s] [01m[K/home/Judy/safmc_uwb/ros/build/msg_folder/rosidl_generator_cpp/msg_folder/msg/detail/pose__struct.hpp:20:10:[m[K [01;31m[Kfatal error: [m[Kgeometry_msgs/msg/detail/point__struct.hpp: No such file or directory
[1.860s]    20 | #include [01;31m[K"geometry_msgs/msg/detail/point__struct.hpp"[m[K
[1.861s]       |          [01;31m[K^~~~~~~~~~~~~~~~~~~~~~~~~~~~~~~~~~~~~~~~~~~~[m[K
[1.861s] compilation terminated.
[1.894s] gmake[2]: *** [CMakeFiles/msg_folder__rosidl_typesupport_introspection_cpp.dir/build.make:98: CMakeFiles/msg_folder__rosidl_typesupport_introspection_cpp.dir/rosidl_typesupport_introspection_cpp/msg_folder/msg/detail/pose__type_support.cpp.o] Error 1
[1.894s] gmake[2]: *** [CMakeFiles/msg_folder__rosidl_typesupport_cpp.dir/build.make:90: CMakeFiles/msg_folder__rosidl_typesupport_cpp.dir/rosidl_typesupport_cpp/msg_folder/msg/pose__type_support.cpp.o] Error 1
[1.894s] gmake[2]: *** [CMakeFiles/msg_folder__rosidl_typesupport_fastrtps_cpp.dir/build.make:98: CMakeFiles/msg_folder__rosidl_typesupport_fastrtps_cpp.dir/rosidl_typesupport_fastrtps_cpp/msg_folder/msg/detail/dds_fastrtps/pose__type_support.cpp.o] Error 1
[1.895s] gmake[1]: *** [CMakeFiles/Makefile2:395: CMakeFiles/msg_folder__rosidl_typesupport_cpp.dir/all] Error 2
[1.895s] gmake[1]: *** [CMakeFiles/Makefile2:369: CMakeFiles/msg_folder__rosidl_typesupport_introspection_cpp.dir/all] Error 2
[1.895s] gmake[1]: *** [CMakeFiles/Makefile2:343: CMakeFiles/msg_folder__rosidl_typesupport_fastrtps_cpp.dir/all] Error 2
[2.157s] running egg_info
[2.158s] writing msg_folder.egg-info/PKG-INFO
[2.158s] writing dependency_links to msg_folder.egg-info/dependency_links.txt
[2.159s] writing top-level names to msg_folder.egg-info/top_level.txt
[2.164s] reading manifest file 'msg_folder.egg-info/SOURCES.txt'
[2.164s] writing manifest file 'msg_folder.egg-info/SOURCES.txt'
[2.201s] [ 12%] Built target ament_cmake_python_build_msg_folder_egg
[2.203s] gmake: *** [Makefile:146: all] Error 2
[2.207s] Invoked command in '/home/Judy/safmc_uwb/ros/build/msg_folder' returned '2': CMAKE_PREFIX_PATH=${CMAKE_PREFIX_PATH}:/opt/ros/humble:/home/Judy/safmc_uwb/ros_enfu/install/uwb /usr/bin/cmake --build /home/Judy/safmc_uwb/ros/build/msg_folder -- -j12 -l12
