[0.021s] Invoking command in '/home/Judy/safmc_uwb/ros/build/msg_folder': CMAKE_PREFIX_PATH=${CMAKE_PREFIX_PATH}:/opt/ros/humble:/home/Judy/safmc_uwb/ros_enfu/install/uwb /usr/bin/cmake --build /home/Judy/safmc_uwb/ros/build/msg_folder -- -j12 -l12
[0.084s] [35m[1mConsolidate compiler generated dependencies of target msg_folder__rosidl_generator_c[0m
[0.100s] [  2%] Built target msg_folder__cpp
[0.101s] [  5%] [32mBuilding C object CMakeFiles/msg_folder__rosidl_generator_c.dir/rosidl_generator_c/msg_folder/msg/detail/pose__functions.c.o[0m
[0.119s] [  5%] Built target ament_cmake_python_copy_msg_folder
[0.120s] [35m[1mConsolidate compiler generated dependencies of target msg_folder__rosidl_typesupport_introspection_cpp[0m
[0.121s] [35m[1mConsolidate compiler generated dependencies of target msg_folder__rosidl_typesupport_cpp[0m
[0.122s] [35m[1mConsolidate compiler generated dependencies of target msg_folder__rosidl_typesupport_fastrtps_cpp[0m
[0.133s] In file included from [01m[K/home/Judy/safmc_uwb/ros/build/msg_folder/rosidl_generator_c/msg_folder/msg/detail/pose__functions.h:19[m[K,
[0.134s]                  from [01m[K/home/Judy/safmc_uwb/ros/build/msg_folder/rosidl_generator_c/msg_folder/msg/detail/pose__functions.c:4[m[K:
[0.134s] [01m[K/home/Judy/safmc_uwb/ros/build/msg_folder/rosidl_generator_c/msg_folder/msg/detail/pose__struct.h:22:10:[m[K [01;31m[Kfatal error: [m[Kgeometry_msgs/msg/detail/point__struct.h: No such file or directory
[0.134s]    22 | #include [01;31m[K"geometry_msgs/msg/detail/point__struct.h"[m[K
[0.134s]       |          [01;31m[K^~~~~~~~~~~~~~~~~~~~~~~~~~~~~~~~~~~~~~~~~~[m[K
[0.135s] compilation terminated.
[0.138s] gmake[2]: *** [CMakeFiles/msg_folder__rosidl_generator_c.dir/build.make:121: CMakeFiles/msg_folder__rosidl_generator_c.dir/rosidl_generator_c/msg_folder/msg/detail/pose__functions.c.o] Error 1
[0.138s] gmake[1]: *** [CMakeFiles/Makefile2:213: CMakeFiles/msg_folder__rosidl_generator_c.dir/all] Error 2
[0.138s] gmake[1]: *** Waiting for unfinished jobs....
[0.149s] [ 12%] [32mBuilding CXX object CMakeFiles/msg_folder__rosidl_typesupport_fastrtps_cpp.dir/rosidl_typesupport_fastrtps_cpp/msg_folder/msg/detail/dds_fastrtps/pose__type_support.cpp.o[0m
[0.149s] [ 12%] [32mBuilding CXX object CMakeFiles/msg_folder__rosidl_typesupport_introspection_cpp.dir/rosidl_typesupport_introspection_cpp/msg_folder/msg/detail/pose__type_support.cpp.o[0m
[0.149s] [ 12%] [32mBuilding CXX object CMakeFiles/msg_folder__rosidl_typesupport_cpp.dir/rosidl_typesupport_cpp/msg_folder/msg/pose__type_support.cpp.o[0m
[0.259s] In file included from [01m[K/home/Judy/safmc_uwb/ros/build/msg_folder/rosidl_typesupport_cpp/msg_folder/msg/pose__type_support.cpp:7[m[K:
[0.259s] [01m[K/home/Judy/safmc_uwb/ros/build/msg_folder/rosidl_generator_cpp/msg_folder/msg/detail/pose__struct.hpp:20:10:[m[K [01;31m[Kfatal error: [m[Kgeometry_msgs/msg/detail/point__struct.hpp: No such file or directory
[0.259s]    20 | #include [01;31m[K"geometry_msgs/msg/detail/point__struct.hpp"[m[K
[0.259s]       |          [01;31m[K^~~~~~~~~~~~~~~~~~~~~~~~~~~~~~~~~~~~~~~~~~~~[m[K
[0.260s] compilation terminated.
[0.266s] In file included from [01m[K/home/Judy/safmc_uwb/ros/build/msg_folder/rosidl_typesupport_fastrtps_cpp/msg_folder/msg/detail/pose__rosidl_typesupport_fastrtps_cpp.hpp:11[m[K,
[0.266s]                  from [01m[K/home/Judy/safmc_uwb/ros/build/msg_folder/rosidl_typesupport_fastrtps_cpp/msg_folder/msg/detail/dds_fastrtps/pose__type_support.cpp:4[m[K:
[0.266s] [01m[K/home/Judy/safmc_uwb/ros/build/msg_folder/rosidl_generator_cpp/msg_folder/msg/detail/pose__struct.hpp:20:10:[m[K [01;31m[Kfatal error: [m[Kgeometry_msgs/msg/detail/point__struct.hpp: No such file or directory
[0.266s]    20 | #include [01;31m[K"geometry_msgs/msg/detail/point__struct.hpp"[m[K
[0.266s]       |          [01;31m[K^~~~~~~~~~~~~~~~~~~~~~~~~~~~~~~~~~~~~~~~~~~~[m[K
[0.267s] compilation terminated.
[0.272s] In file included from [01m[K/home/Judy/safmc_uwb/ros/build/msg_folder/rosidl_typesupport_introspection_cpp/msg_folder/msg/detail/pose__type_support.cpp:12[m[K:
[0.272s] [01m[K/home/Judy/safmc_uwb/ros/build/msg_folder/rosidl_generator_cpp/msg_folder/msg/detail/pose__struct.hpp:20:10:[m[K [01;31m[Kfatal error: [m[Kgeometry_msgs/msg/detail/point__struct.hpp: No such file or directory
[0.272s]    20 | #include [01;31m[K"geometry_msgs/msg/detail/point__struct.hpp"[m[K
[0.272s]       |          [01;31m[K^~~~~~~~~~~~~~~~~~~~~~~~~~~~~~~~~~~~~~~~~~~~[m[K
[0.272s] compilation terminated.
[0.299s] gmake[2]: *** [CMakeFiles/msg_folder__rosidl_typesupport_introspection_cpp.dir/build.make:98: CMakeFiles/msg_folder__rosidl_typesupport_introspection_cpp.dir/rosidl_typesupport_introspection_cpp/msg_folder/msg/detail/pose__type_support.cpp.o] Error 1
[0.300s] gmake[2]: *** [CMakeFiles/msg_folder__rosidl_typesupport_cpp.dir/build.make:90: CMakeFiles/msg_folder__rosidl_typesupport_cpp.dir/rosidl_typesupport_cpp/msg_folder/msg/pose__type_support.cpp.o] Error 1
[0.300s] gmake[2]: *** [CMakeFiles/msg_folder__rosidl_typesupport_fastrtps_cpp.dir/build.make:98: CMakeFiles/msg_folder__rosidl_typesupport_fastrtps_cpp.dir/rosidl_typesupport_fastrtps_cpp/msg_folder/msg/detail/dds_fastrtps/pose__type_support.cpp.o] Error 1
[0.300s] gmake[1]: *** [CMakeFiles/Makefile2:343: CMakeFiles/msg_folder__rosidl_typesupport_fastrtps_cpp.dir/all] Error 2
[0.300s] gmake[1]: *** [CMakeFiles/Makefile2:395: CMakeFiles/msg_folder__rosidl_typesupport_cpp.dir/all] Error 2
[0.300s] gmake[1]: *** [CMakeFiles/Makefile2:369: CMakeFiles/msg_folder__rosidl_typesupport_introspection_cpp.dir/all] Error 2
[0.613s] running egg_info
[0.614s] writing msg_folder.egg-info/PKG-INFO
[0.614s] writing dependency_links to msg_folder.egg-info/dependency_links.txt
[0.615s] writing top-level names to msg_folder.egg-info/top_level.txt
[0.620s] reading manifest file 'msg_folder.egg-info/SOURCES.txt'
[0.621s] writing manifest file 'msg_folder.egg-info/SOURCES.txt'
[0.665s] [ 12%] Built target ament_cmake_python_build_msg_folder_egg
[0.666s] gmake: *** [Makefile:146: all] Error 2
[0.669s] Invoked command in '/home/Judy/safmc_uwb/ros/build/msg_folder' returned '2': CMAKE_PREFIX_PATH=${CMAKE_PREFIX_PATH}:/opt/ros/humble:/home/Judy/safmc_uwb/ros_enfu/install/uwb /usr/bin/cmake --build /home/Judy/safmc_uwb/ros/build/msg_folder -- -j12 -l12
